[debug] [2019-09-09T17:46:31.137Z] ----------------------------------------------------------------------
[debug] [2019-09-09T17:46:31.141Z] Command:       /Users/xinliu/.nvm/versions/node/v12.10.0/bin/node /Users/xinliu/Desktop/majorminer-react/node_modules/.bin/firebase serve --only hosting -p 3000
[debug] [2019-09-09T17:46:31.142Z] CLI Version:   7.3.1
[debug] [2019-09-09T17:46:31.142Z] Platform:      darwin
[debug] [2019-09-09T17:46:31.142Z] Node Version:  v12.10.0
[debug] [2019-09-09T17:46:31.145Z] Time:          Mon Sep 09 2019 13:46:31 GMT-0400 (Eastern Daylight Time)
[debug] [2019-09-09T17:46:31.145Z] ----------------------------------------------------------------------
[debug] 
[debug] [2019-09-09T17:46:31.174Z] > command requires scopes: ["email","openid","https://www.googleapis.com/auth/cloudplatformprojects.readonly","https://www.googleapis.com/auth/firebase","https://www.googleapis.com/auth/cloud-platform"]
[debug] [2019-09-09T17:46:31.174Z] > authorizing via signed-in user
[debug] [2019-09-09T17:46:31.175Z] [iam] checking project majorminer-dd13a for permissions ["firebase.projects.get"]
[debug] [2019-09-09T17:46:31.180Z] > refreshing access token with scopes: ["email","https://www.googleapis.com/auth/cloud-platform","https://www.googleapis.com/auth/cloudplatformprojects.readonly","https://www.googleapis.com/auth/firebase","openid"]
[debug] [2019-09-09T17:46:31.181Z] >>> HTTP REQUEST POST https://www.googleapis.com/oauth2/v3/token  
 <request body omitted>
[debug] [2019-09-09T17:46:31.351Z] <<< HTTP RESPONSE 200
[debug] [2019-09-09T17:46:31.376Z] >>> HTTP REQUEST POST https://cloudresourcemanager.googleapis.com/v1/projects/majorminer-dd13a:testIamPermissions  

[debug] [2019-09-09T17:46:31.640Z] <<< HTTP RESPONSE 200
[debug] [2019-09-09T17:46:31.643Z] >>> HTTP REQUEST GET https://firebase.googleapis.com/v1beta1/projects/majorminer-dd13a  
 
[debug] [2019-09-09T17:46:31.896Z] <<< HTTP RESPONSE 200
[debug] [2019-09-09T17:46:31.898Z] >>> HTTP REQUEST GET https://firebase.googleapis.com/v1beta1/projects/majorminer-dd13a/webApps/-/config  
 
[debug] [2019-09-09T17:46:32.267Z] <<< HTTP RESPONSE 200
[info] i  hosting: Serving hosting files from: build
[info] ✔  hosting: Local server: http://localhost:3000
